18:36:28.099 [main] INFO  - Goto my account-->Click on Login.. 
18:36:29.085 [main] DEBUG - Parsing relationship: /xl/_rels/workbook.xml.rels
18:36:29.090 [main] DEBUG - Parsing relationship: /xl/worksheets/_rels/sheet1.xml.rels
18:36:29.097 [main] DEBUG - Parsing relationship: /_rels/.rels
18:36:29.362 [main] TRACE - Loading type system org.apache.poi.schemas.ooxml.system.ooxml
18:36:29.366 [main] TRACE - Loading type system org.apache.xmlbeans.metadata.system.sXMLCONFIG
18:36:29.367 [main] TRACE - Loading type system org.apache.xmlbeans.metadata.system.sXMLLANG
18:36:29.368 [main] TRACE - Loading type system org.apache.xmlbeans.metadata.system.sXMLSCHEMA
18:36:29.368 [main] TRACE - Loading type system org.apache.xmlbeans.metadata.system.sXMLTOOLS
18:36:29.371 [main] TRACE - Reading unresolved handles for type system org.apache.xmlbeans.metadata.system.sXMLTOOLS
18:36:29.386 [main] TRACE - Finished loading type system org.apache.xmlbeans.metadata.system.sXMLTOOLS
18:36:29.388 [main] TRACE - Reading unresolved handles for type system org.apache.xmlbeans.metadata.system.sXMLSCHEMA
18:36:29.398 [main] TRACE - Finished loading type system org.apache.xmlbeans.metadata.system.sXMLSCHEMA
18:36:29.401 [main] TRACE - Reading unresolved handles for type system org.apache.xmlbeans.metadata.system.sXMLLANG
18:36:29.402 [main] TRACE - Finished loading type system org.apache.xmlbeans.metadata.system.sXMLLANG
18:36:29.404 [main] TRACE - Reading unresolved handles for type system org.apache.xmlbeans.metadata.system.sXMLCONFIG
18:36:29.405 [main] TRACE - Finished loading type system org.apache.xmlbeans.metadata.system.sXMLCONFIG
18:36:29.407 [main] TRACE - Reading unresolved handles for type system org.apache.poi.schemas.ooxml.system.ooxml
18:36:29.497 [main] TRACE - Finished loading type system org.apache.poi.schemas.ooxml.system.ooxml
18:36:29.498 [main] TRACE - Resolving type for handle themefd26doctype
18:36:29.591 [main] TRACE - Resolving type for handle stylesheet5d8bdoctype
18:36:29.605 [main] TRACE - Resolving type for handle ctstylesheet4257type
18:36:29.614 [main] TRACE - Resolving type for handle ctfonts6623type
18:36:29.619 [main] TRACE - Resolving type for handle ctfont14d8type
18:36:29.627 [main] TRACE - Resolving type for handle ctfills2c6ftype
18:36:29.631 [main] TRACE - Resolving type for handle ctfill550ctype
18:36:29.636 [main] TRACE - Resolving type for handle ctborders0d66type
18:36:29.640 [main] TRACE - Resolving type for handle ctborderf935type
18:36:29.645 [main] TRACE - Resolving type for handle ctcellxfs1322type
18:36:29.650 [main] TRACE - Resolving type for handle ctxf97f7type
18:36:29.656 [main] TRACE - Resolving type for handle ctcellstylexfsa81ftype
18:36:29.660 [main] TRACE - Resolving type for handle ctdxfsb26atype
18:36:29.665 [main] TRACE - Resolving type for handle cttablestyles872ftype
18:36:29.669 [main] TRACE - Resolving type for handle sstf81fdoctype
18:36:29.683 [main] TRACE - Resolving type for handle ctsst44f3type
18:36:29.688 [main] TRACE - Resolving type for handle ctrsta472type
18:36:29.779 [main] TRACE - Resolving type for handle workbookec17doctype
18:36:29.787 [main] TRACE - Resolving type for handle ctworkbook83c3type
18:36:29.795 [main] TRACE - Resolving type for handle ctsheets49fdtype
18:36:29.799 [main] TRACE - Resolving type for handle ctsheet4dbetype
18:36:29.803 [main] TRACE - Resolving type for handle strelationshipid1e94type
18:36:29.811 [main] TRACE - Resolving type for handle worksheetf539doctype
18:36:29.822 [main] TRACE - Resolving type for handle ctworksheet530dtype
18:36:29.839 [main] TRACE - Resolving type for handle ctcols627ctype
18:36:29.850 [main] TRACE - Resolving type for handle ctcola95ftype
18:36:29.887 [main] TRACE - Resolving type for handle ctsheetdata8408type
18:36:29.892 [main] TRACE - Resolving type for handle ctrowdd39type
18:36:29.900 [main] TRACE - Resolving type for handle ctcell842btype
18:36:29.913 [main] TRACE - Resolving type for handle stcellrefe4e0type
18:36:29.925 [main] TRACE - Resolving type for handle cthyperlinks6416type
18:36:29.929 [main] TRACE - Resolving type for handle cthyperlink0c85type
18:36:29.952 [main] TRACE - Resolving type for handle stxstringf179type
18:36:29.958 [main] TRACE - Resolving type for handle stcelltypebf95type
18:36:40.300 [main] INFO  - Goto my account-->Click on Login.. 
18:36:41.026 [main] DEBUG - Parsing relationship: /xl/_rels/workbook.xml.rels
18:36:41.028 [main] DEBUG - Parsing relationship: /xl/worksheets/_rels/sheet1.xml.rels
18:36:41.031 [main] DEBUG - Parsing relationship: /_rels/.rels
18:37:00.018 [main] INFO  - Goto my account-->Click on Login.. 
18:38:54.047 [main] INFO  - Goto my account-->Click on Login.. 
18:38:54.864 [main] DEBUG - Parsing relationship: /xl/_rels/workbook.xml.rels
18:38:54.869 [main] DEBUG - Parsing relationship: /xl/worksheets/_rels/sheet1.xml.rels
18:38:54.873 [main] DEBUG - Parsing relationship: /_rels/.rels
18:38:55.155 [main] TRACE - Loading type system org.apache.poi.schemas.ooxml.system.ooxml
18:38:55.160 [main] TRACE - Loading type system org.apache.xmlbeans.metadata.system.sXMLCONFIG
18:38:55.161 [main] TRACE - Loading type system org.apache.xmlbeans.metadata.system.sXMLLANG
18:38:55.162 [main] TRACE - Loading type system org.apache.xmlbeans.metadata.system.sXMLSCHEMA
18:38:55.163 [main] TRACE - Loading type system org.apache.xmlbeans.metadata.system.sXMLTOOLS
18:38:55.166 [main] TRACE - Reading unresolved handles for type system org.apache.xmlbeans.metadata.system.sXMLTOOLS
18:38:55.189 [main] TRACE - Finished loading type system org.apache.xmlbeans.metadata.system.sXMLTOOLS
18:38:55.192 [main] TRACE - Reading unresolved handles for type system org.apache.xmlbeans.metadata.system.sXMLSCHEMA
18:38:55.201 [main] TRACE - Finished loading type system org.apache.xmlbeans.metadata.system.sXMLSCHEMA
18:38:55.207 [main] TRACE - Reading unresolved handles for type system org.apache.xmlbeans.metadata.system.sXMLLANG
18:38:55.208 [main] TRACE - Finished loading type system org.apache.xmlbeans.metadata.system.sXMLLANG
18:38:55.211 [main] TRACE - Reading unresolved handles for type system org.apache.xmlbeans.metadata.system.sXMLCONFIG
18:38:55.213 [main] TRACE - Finished loading type system org.apache.xmlbeans.metadata.system.sXMLCONFIG
18:38:55.216 [main] TRACE - Reading unresolved handles for type system org.apache.poi.schemas.ooxml.system.ooxml
18:38:55.354 [main] TRACE - Finished loading type system org.apache.poi.schemas.ooxml.system.ooxml
18:38:55.355 [main] TRACE - Resolving type for handle themefd26doctype
18:38:55.454 [main] TRACE - Resolving type for handle stylesheet5d8bdoctype
18:38:55.466 [main] TRACE - Resolving type for handle ctstylesheet4257type
18:38:55.473 [main] TRACE - Resolving type for handle ctfonts6623type
18:38:55.478 [main] TRACE - Resolving type for handle ctfont14d8type
18:38:55.486 [main] TRACE - Resolving type for handle ctfills2c6ftype
18:38:55.491 [main] TRACE - Resolving type for handle ctfill550ctype
18:38:55.495 [main] TRACE - Resolving type for handle ctborders0d66type
18:38:55.499 [main] TRACE - Resolving type for handle ctborderf935type
18:38:55.505 [main] TRACE - Resolving type for handle ctcellxfs1322type
18:38:55.510 [main] TRACE - Resolving type for handle ctxf97f7type
18:38:55.516 [main] TRACE - Resolving type for handle ctcellstylexfsa81ftype
18:38:55.519 [main] TRACE - Resolving type for handle ctdxfsb26atype
18:38:55.523 [main] TRACE - Resolving type for handle cttablestyles872ftype
18:38:55.528 [main] TRACE - Resolving type for handle sstf81fdoctype
18:38:55.543 [main] TRACE - Resolving type for handle ctsst44f3type
18:38:55.548 [main] TRACE - Resolving type for handle ctrsta472type
18:38:55.652 [main] TRACE - Resolving type for handle workbookec17doctype
18:38:55.661 [main] TRACE - Resolving type for handle ctworkbook83c3type
18:38:55.669 [main] TRACE - Resolving type for handle ctsheets49fdtype
18:38:55.674 [main] TRACE - Resolving type for handle ctsheet4dbetype
18:38:55.678 [main] TRACE - Resolving type for handle strelationshipid1e94type
18:38:55.684 [main] TRACE - Resolving type for handle worksheetf539doctype
18:38:55.695 [main] TRACE - Resolving type for handle ctworksheet530dtype
18:38:55.715 [main] TRACE - Resolving type for handle ctcols627ctype
18:38:55.725 [main] TRACE - Resolving type for handle ctcola95ftype
18:38:55.782 [main] TRACE - Resolving type for handle ctsheetdata8408type
18:38:55.787 [main] TRACE - Resolving type for handle ctrowdd39type
18:38:55.796 [main] TRACE - Resolving type for handle ctcell842btype
18:38:55.809 [main] TRACE - Resolving type for handle stcellrefe4e0type
18:38:55.825 [main] TRACE - Resolving type for handle cthyperlinks6416type
18:38:55.831 [main] TRACE - Resolving type for handle cthyperlink0c85type
18:38:55.857 [main] TRACE - Resolving type for handle stxstringf179type
18:38:55.864 [main] TRACE - Resolving type for handle stcelltypebf95type
18:39:05.738 [main] INFO  - Goto my account-->Click on Login.. 
18:39:06.541 [main] DEBUG - Parsing relationship: /xl/_rels/workbook.xml.rels
18:39:06.544 [main] DEBUG - Parsing relationship: /xl/worksheets/_rels/sheet1.xml.rels
18:39:06.547 [main] DEBUG - Parsing relationship: /_rels/.rels
18:39:35.735 [main] INFO  - Goto my account-->Click on Login.. 
18:39:36.399 [main] DEBUG - Parsing relationship: /xl/_rels/workbook.xml.rels
18:39:36.413 [main] DEBUG - Parsing relationship: /xl/worksheets/_rels/sheet1.xml.rels
18:39:36.416 [main] DEBUG - Parsing relationship: /_rels/.rels
18:39:56.351 [main] INFO  - Goto my account-->Click on Login.. 
18:39:57.094 [main] DEBUG - Parsing relationship: /xl/_rels/workbook.xml.rels
18:39:57.096 [main] DEBUG - Parsing relationship: /xl/worksheets/_rels/sheet1.xml.rels
18:39:57.098 [main] DEBUG - Parsing relationship: /_rels/.rels
18:42:32.235 [main] INFO  - Goto my account-->Click on Login.. 
18:42:33.081 [main] DEBUG - Parsing relationship: /xl/_rels/workbook.xml.rels
18:42:33.085 [main] DEBUG - Parsing relationship: /xl/worksheets/_rels/sheet1.xml.rels
18:42:33.088 [main] DEBUG - Parsing relationship: /_rels/.rels
18:42:33.343 [main] TRACE - Loading type system org.apache.poi.schemas.ooxml.system.ooxml
18:42:33.346 [main] TRACE - Loading type system org.apache.xmlbeans.metadata.system.sXMLCONFIG
18:42:33.347 [main] TRACE - Loading type system org.apache.xmlbeans.metadata.system.sXMLLANG
18:42:33.347 [main] TRACE - Loading type system org.apache.xmlbeans.metadata.system.sXMLSCHEMA
18:42:33.348 [main] TRACE - Loading type system org.apache.xmlbeans.metadata.system.sXMLTOOLS
18:42:33.350 [main] TRACE - Reading unresolved handles for type system org.apache.xmlbeans.metadata.system.sXMLTOOLS
18:42:33.366 [main] TRACE - Finished loading type system org.apache.xmlbeans.metadata.system.sXMLTOOLS
18:42:33.369 [main] TRACE - Reading unresolved handles for type system org.apache.xmlbeans.metadata.system.sXMLSCHEMA
18:42:33.382 [main] TRACE - Finished loading type system org.apache.xmlbeans.metadata.system.sXMLSCHEMA
18:42:33.385 [main] TRACE - Reading unresolved handles for type system org.apache.xmlbeans.metadata.system.sXMLLANG
18:42:33.386 [main] TRACE - Finished loading type system org.apache.xmlbeans.metadata.system.sXMLLANG
18:42:33.389 [main] TRACE - Reading unresolved handles for type system org.apache.xmlbeans.metadata.system.sXMLCONFIG
18:42:33.391 [main] TRACE - Finished loading type system org.apache.xmlbeans.metadata.system.sXMLCONFIG
18:42:33.394 [main] TRACE - Reading unresolved handles for type system org.apache.poi.schemas.ooxml.system.ooxml
18:42:33.484 [main] TRACE - Finished loading type system org.apache.poi.schemas.ooxml.system.ooxml
18:42:33.485 [main] TRACE - Resolving type for handle themefd26doctype
18:42:33.573 [main] TRACE - Resolving type for handle stylesheet5d8bdoctype
18:42:33.586 [main] TRACE - Resolving type for handle ctstylesheet4257type
18:42:33.598 [main] TRACE - Resolving type for handle ctfonts6623type
18:42:33.604 [main] TRACE - Resolving type for handle ctfont14d8type
18:42:33.615 [main] TRACE - Resolving type for handle ctfills2c6ftype
18:42:33.618 [main] TRACE - Resolving type for handle ctfill550ctype
18:42:33.622 [main] TRACE - Resolving type for handle ctborders0d66type
18:42:33.627 [main] TRACE - Resolving type for handle ctborderf935type
18:42:33.634 [main] TRACE - Resolving type for handle ctcellxfs1322type
18:42:33.639 [main] TRACE - Resolving type for handle ctxf97f7type
18:42:33.646 [main] TRACE - Resolving type for handle ctcellstylexfsa81ftype
18:42:33.649 [main] TRACE - Resolving type for handle ctdxfsb26atype
18:42:33.654 [main] TRACE - Resolving type for handle cttablestyles872ftype
18:42:33.660 [main] TRACE - Resolving type for handle sstf81fdoctype
18:42:33.674 [main] TRACE - Resolving type for handle ctsst44f3type
18:42:33.680 [main] TRACE - Resolving type for handle ctrsta472type
18:42:33.779 [main] TRACE - Resolving type for handle workbookec17doctype
18:42:33.786 [main] TRACE - Resolving type for handle ctworkbook83c3type
18:42:33.794 [main] TRACE - Resolving type for handle ctsheets49fdtype
18:42:33.798 [main] TRACE - Resolving type for handle ctsheet4dbetype
18:42:33.801 [main] TRACE - Resolving type for handle strelationshipid1e94type
18:42:33.806 [main] TRACE - Resolving type for handle worksheetf539doctype
18:42:33.816 [main] TRACE - Resolving type for handle ctworksheet530dtype
18:42:33.832 [main] TRACE - Resolving type for handle ctcols627ctype
18:42:33.844 [main] TRACE - Resolving type for handle ctcola95ftype
18:42:33.880 [main] TRACE - Resolving type for handle ctsheetdata8408type
18:42:33.885 [main] TRACE - Resolving type for handle ctrowdd39type
18:42:33.894 [main] TRACE - Resolving type for handle ctcell842btype
18:42:33.907 [main] TRACE - Resolving type for handle stcellrefe4e0type
18:42:33.919 [main] TRACE - Resolving type for handle cthyperlinks6416type
18:42:33.924 [main] TRACE - Resolving type for handle cthyperlink0c85type
18:42:33.945 [main] TRACE - Resolving type for handle stxstringf179type
18:42:33.950 [main] TRACE - Resolving type for handle stcelltypebf95type
18:42:45.293 [main] INFO  - Goto my account-->Click on Login.. 
18:42:46.047 [main] DEBUG - Parsing relationship: /xl/_rels/workbook.xml.rels
18:42:46.050 [main] DEBUG - Parsing relationship: /xl/worksheets/_rels/sheet1.xml.rels
18:42:46.053 [main] DEBUG - Parsing relationship: /_rels/.rels
18:43:05.456 [main] INFO  - Goto my account-->Click on Login.. 
18:43:06.199 [main] DEBUG - Parsing relationship: /xl/_rels/workbook.xml.rels
18:43:06.202 [main] DEBUG - Parsing relationship: /xl/worksheets/_rels/sheet1.xml.rels
18:43:06.205 [main] DEBUG - Parsing relationship: /_rels/.rels
18:43:26.525 [main] INFO  - Goto my account-->Click on Login.. 
18:43:27.224 [main] DEBUG - Parsing relationship: /xl/_rels/workbook.xml.rels
18:43:27.233 [main] DEBUG - Parsing relationship: /xl/worksheets/_rels/sheet1.xml.rels
18:43:27.236 [main] DEBUG - Parsing relationship: /_rels/.rels
18:43:47.080 [main] INFO  - Goto my account-->Click on Login.. 
18:43:47.683 [main] DEBUG - Parsing relationship: /xl/_rels/workbook.xml.rels
18:43:47.687 [main] DEBUG - Parsing relationship: /xl/worksheets/_rels/sheet1.xml.rels
18:43:47.690 [main] DEBUG - Parsing relationship: /_rels/.rels
18:49:11.067 [main] INFO  - Goto my account-->Click on Login.. 
18:49:11.942 [main] DEBUG - Parsing relationship: /xl/_rels/workbook.xml.rels
18:49:11.950 [main] DEBUG - Parsing relationship: /xl/worksheets/_rels/sheet1.xml.rels
18:49:11.954 [main] DEBUG - Parsing relationship: /_rels/.rels
18:49:12.296 [main] TRACE - Loading type system org.apache.poi.schemas.ooxml.system.ooxml
18:49:12.299 [main] TRACE - Loading type system org.apache.xmlbeans.metadata.system.sXMLCONFIG
18:49:12.300 [main] TRACE - Loading type system org.apache.xmlbeans.metadata.system.sXMLLANG
18:49:12.300 [main] TRACE - Loading type system org.apache.xmlbeans.metadata.system.sXMLSCHEMA
18:49:12.301 [main] TRACE - Loading type system org.apache.xmlbeans.metadata.system.sXMLTOOLS
18:49:12.303 [main] TRACE - Reading unresolved handles for type system org.apache.xmlbeans.metadata.system.sXMLTOOLS
18:49:12.318 [main] TRACE - Finished loading type system org.apache.xmlbeans.metadata.system.sXMLTOOLS
18:49:12.321 [main] TRACE - Reading unresolved handles for type system org.apache.xmlbeans.metadata.system.sXMLSCHEMA
18:49:12.331 [main] TRACE - Finished loading type system org.apache.xmlbeans.metadata.system.sXMLSCHEMA
18:49:12.334 [main] TRACE - Reading unresolved handles for type system org.apache.xmlbeans.metadata.system.sXMLLANG
18:49:12.335 [main] TRACE - Finished loading type system org.apache.xmlbeans.metadata.system.sXMLLANG
18:49:12.337 [main] TRACE - Reading unresolved handles for type system org.apache.xmlbeans.metadata.system.sXMLCONFIG
18:49:12.338 [main] TRACE - Finished loading type system org.apache.xmlbeans.metadata.system.sXMLCONFIG
18:49:12.340 [main] TRACE - Reading unresolved handles for type system org.apache.poi.schemas.ooxml.system.ooxml
18:49:12.425 [main] TRACE - Finished loading type system org.apache.poi.schemas.ooxml.system.ooxml
18:49:12.426 [main] TRACE - Resolving type for handle themefd26doctype
18:49:12.515 [main] TRACE - Resolving type for handle stylesheet5d8bdoctype
18:49:12.529 [main] TRACE - Resolving type for handle ctstylesheet4257type
18:49:12.536 [main] TRACE - Resolving type for handle ctfonts6623type
18:49:12.541 [main] TRACE - Resolving type for handle ctfont14d8type
18:49:12.549 [main] TRACE - Resolving type for handle ctfills2c6ftype
18:49:12.552 [main] TRACE - Resolving type for handle ctfill550ctype
18:49:12.555 [main] TRACE - Resolving type for handle ctborders0d66type
18:49:12.559 [main] TRACE - Resolving type for handle ctborderf935type
18:49:12.563 [main] TRACE - Resolving type for handle ctcellxfs1322type
18:49:12.567 [main] TRACE - Resolving type for handle ctxf97f7type
18:49:12.571 [main] TRACE - Resolving type for handle ctcellstylexfsa81ftype
18:49:12.573 [main] TRACE - Resolving type for handle ctdxfsb26atype
18:49:12.576 [main] TRACE - Resolving type for handle cttablestyles872ftype
18:49:12.582 [main] TRACE - Resolving type for handle sstf81fdoctype
18:49:12.596 [main] TRACE - Resolving type for handle ctsst44f3type
18:49:12.602 [main] TRACE - Resolving type for handle ctrsta472type
18:49:12.695 [main] TRACE - Resolving type for handle workbookec17doctype
18:49:12.703 [main] TRACE - Resolving type for handle ctworkbook83c3type
18:49:12.709 [main] TRACE - Resolving type for handle ctsheets49fdtype
18:49:12.711 [main] TRACE - Resolving type for handle ctsheet4dbetype
18:49:12.714 [main] TRACE - Resolving type for handle strelationshipid1e94type
18:49:12.717 [main] TRACE - Resolving type for handle worksheetf539doctype
18:49:12.726 [main] TRACE - Resolving type for handle ctworksheet530dtype
18:49:12.739 [main] TRACE - Resolving type for handle ctcols627ctype
18:49:12.744 [main] TRACE - Resolving type for handle ctcola95ftype
18:49:12.771 [main] TRACE - Resolving type for handle ctsheetdata8408type
18:49:12.774 [main] TRACE - Resolving type for handle ctrowdd39type
18:49:12.780 [main] TRACE - Resolving type for handle ctcell842btype
18:49:12.788 [main] TRACE - Resolving type for handle stcellrefe4e0type
18:49:12.797 [main] TRACE - Resolving type for handle cthyperlinks6416type
18:49:12.800 [main] TRACE - Resolving type for handle cthyperlink0c85type
18:49:12.814 [main] TRACE - Resolving type for handle stxstringf179type
18:49:12.817 [main] TRACE - Resolving type for handle stcelltypebf95type
18:49:23.475 [main] INFO  - Goto my account-->Click on Login.. 
18:49:24.254 [main] DEBUG - Parsing relationship: /xl/_rels/workbook.xml.rels
18:49:24.256 [main] DEBUG - Parsing relationship: /xl/worksheets/_rels/sheet1.xml.rels
18:49:24.261 [main] DEBUG - Parsing relationship: /_rels/.rels
18:49:44.620 [main] INFO  - Goto my account-->Click on Login.. 
18:49:45.465 [main] DEBUG - Parsing relationship: /xl/_rels/workbook.xml.rels
18:49:45.468 [main] DEBUG - Parsing relationship: /xl/worksheets/_rels/sheet1.xml.rels
18:49:45.470 [main] DEBUG - Parsing relationship: /_rels/.rels
18:50:05.324 [main] INFO  - Goto my account-->Click on Login.. 
18:50:05.952 [main] DEBUG - Parsing relationship: /xl/_rels/workbook.xml.rels
18:50:05.954 [main] DEBUG - Parsing relationship: /xl/worksheets/_rels/sheet1.xml.rels
18:50:05.958 [main] DEBUG - Parsing relationship: /_rels/.rels
18:50:27.511 [main] INFO  - Goto my account-->Click on Login.. 
18:50:28.163 [main] DEBUG - Parsing relationship: /xl/_rels/workbook.xml.rels
18:50:28.165 [main] DEBUG - Parsing relationship: /xl/worksheets/_rels/sheet1.xml.rels
18:50:28.171 [main] DEBUG - Parsing relationship: /_rels/.rels
19:12:53.815 [main] INFO  - Goto my account-->Click on Login.. 
19:12:54.769 [main] DEBUG - Parsing relationship: /xl/_rels/workbook.xml.rels
19:12:54.774 [main] DEBUG - Parsing relationship: /xl/worksheets/_rels/sheet1.xml.rels
19:12:54.777 [main] DEBUG - Parsing relationship: /_rels/.rels
19:12:55.035 [main] TRACE - Loading type system org.apache.poi.schemas.ooxml.system.ooxml
19:12:55.039 [main] TRACE - Loading type system org.apache.xmlbeans.metadata.system.sXMLCONFIG
19:12:55.040 [main] TRACE - Loading type system org.apache.xmlbeans.metadata.system.sXMLLANG
19:12:55.040 [main] TRACE - Loading type system org.apache.xmlbeans.metadata.system.sXMLSCHEMA
19:12:55.041 [main] TRACE - Loading type system org.apache.xmlbeans.metadata.system.sXMLTOOLS
19:12:55.043 [main] TRACE - Reading unresolved handles for type system org.apache.xmlbeans.metadata.system.sXMLTOOLS
19:12:55.060 [main] TRACE - Finished loading type system org.apache.xmlbeans.metadata.system.sXMLTOOLS
19:12:55.062 [main] TRACE - Reading unresolved handles for type system org.apache.xmlbeans.metadata.system.sXMLSCHEMA
19:12:55.072 [main] TRACE - Finished loading type system org.apache.xmlbeans.metadata.system.sXMLSCHEMA
19:12:55.075 [main] TRACE - Reading unresolved handles for type system org.apache.xmlbeans.metadata.system.sXMLLANG
19:12:55.076 [main] TRACE - Finished loading type system org.apache.xmlbeans.metadata.system.sXMLLANG
19:12:55.078 [main] TRACE - Reading unresolved handles for type system org.apache.xmlbeans.metadata.system.sXMLCONFIG
19:12:55.079 [main] TRACE - Finished loading type system org.apache.xmlbeans.metadata.system.sXMLCONFIG
19:12:55.081 [main] TRACE - Reading unresolved handles for type system org.apache.poi.schemas.ooxml.system.ooxml
19:12:55.155 [main] TRACE - Finished loading type system org.apache.poi.schemas.ooxml.system.ooxml
19:12:55.156 [main] TRACE - Resolving type for handle themefd26doctype
19:12:55.243 [main] TRACE - Resolving type for handle stylesheet5d8bdoctype
19:12:55.252 [main] TRACE - Resolving type for handle ctstylesheet4257type
19:12:55.259 [main] TRACE - Resolving type for handle ctfonts6623type
19:12:55.264 [main] TRACE - Resolving type for handle ctfont14d8type
19:12:55.270 [main] TRACE - Resolving type for handle ctfills2c6ftype
19:12:55.275 [main] TRACE - Resolving type for handle ctfill550ctype
19:12:55.279 [main] TRACE - Resolving type for handle ctborders0d66type
19:12:55.283 [main] TRACE - Resolving type for handle ctborderf935type
19:12:55.289 [main] TRACE - Resolving type for handle ctcellxfs1322type
19:12:55.302 [main] TRACE - Resolving type for handle ctxf97f7type
19:12:55.308 [main] TRACE - Resolving type for handle ctcellstylexfsa81ftype
19:12:55.312 [main] TRACE - Resolving type for handle ctdxfsb26atype
19:12:55.316 [main] TRACE - Resolving type for handle cttablestyles872ftype
19:12:55.321 [main] TRACE - Resolving type for handle sstf81fdoctype
19:12:55.333 [main] TRACE - Resolving type for handle ctsst44f3type
19:12:55.338 [main] TRACE - Resolving type for handle ctrsta472type
19:12:55.469 [main] TRACE - Resolving type for handle workbookec17doctype
19:12:55.479 [main] TRACE - Resolving type for handle ctworkbook83c3type
19:12:55.487 [main] TRACE - Resolving type for handle ctsheets49fdtype
19:12:55.492 [main] TRACE - Resolving type for handle ctsheet4dbetype
19:12:55.495 [main] TRACE - Resolving type for handle strelationshipid1e94type
19:12:55.502 [main] TRACE - Resolving type for handle worksheetf539doctype
19:12:55.513 [main] TRACE - Resolving type for handle ctworksheet530dtype
19:12:55.531 [main] TRACE - Resolving type for handle ctcols627ctype
19:12:55.540 [main] TRACE - Resolving type for handle ctcola95ftype
19:12:55.579 [main] TRACE - Resolving type for handle ctsheetdata8408type
19:12:55.583 [main] TRACE - Resolving type for handle ctrowdd39type
19:12:55.588 [main] TRACE - Resolving type for handle ctcell842btype
19:12:55.597 [main] TRACE - Resolving type for handle stcellrefe4e0type
19:12:55.604 [main] TRACE - Resolving type for handle cthyperlinks6416type
19:12:55.607 [main] TRACE - Resolving type for handle cthyperlink0c85type
19:12:55.621 [main] TRACE - Resolving type for handle stxstringf179type
19:12:55.626 [main] TRACE - Resolving type for handle stcelltypebf95type
19:13:08.101 [main] INFO  - Goto my account-->Click on Login.. 
19:13:08.817 [main] DEBUG - Parsing relationship: /xl/_rels/workbook.xml.rels
19:13:08.820 [main] DEBUG - Parsing relationship: /xl/worksheets/_rels/sheet1.xml.rels
19:13:08.822 [main] DEBUG - Parsing relationship: /_rels/.rels
19:13:44.909 [main] INFO  - Goto my account-->Click on Login.. 
19:13:45.747 [main] DEBUG - Parsing relationship: /xl/_rels/workbook.xml.rels
19:13:45.750 [main] DEBUG - Parsing relationship: /xl/worksheets/_rels/sheet1.xml.rels
19:13:45.752 [main] DEBUG - Parsing relationship: /_rels/.rels
19:14:11.879 [main] INFO  - Goto my account-->Click on Login.. 
19:14:12.576 [main] DEBUG - Parsing relationship: /xl/_rels/workbook.xml.rels
19:14:12.577 [main] DEBUG - Parsing relationship: /xl/worksheets/_rels/sheet1.xml.rels
19:14:12.579 [main] DEBUG - Parsing relationship: /_rels/.rels
19:15:02.093 [main] INFO  - Goto my account-->Click on Login.. 
19:15:03.299 [main] DEBUG - Parsing relationship: /xl/_rels/workbook.xml.rels
19:15:03.304 [main] DEBUG - Parsing relationship: /xl/worksheets/_rels/sheet1.xml.rels
19:15:03.312 [main] DEBUG - Parsing relationship: /_rels/.rels
19:15:03.608 [main] TRACE - Loading type system org.apache.poi.schemas.ooxml.system.ooxml
19:15:03.612 [main] TRACE - Loading type system org.apache.xmlbeans.metadata.system.sXMLCONFIG
19:15:03.613 [main] TRACE - Loading type system org.apache.xmlbeans.metadata.system.sXMLLANG
19:15:03.614 [main] TRACE - Loading type system org.apache.xmlbeans.metadata.system.sXMLSCHEMA
19:15:03.615 [main] TRACE - Loading type system org.apache.xmlbeans.metadata.system.sXMLTOOLS
19:15:03.618 [main] TRACE - Reading unresolved handles for type system org.apache.xmlbeans.metadata.system.sXMLTOOLS
19:15:03.639 [main] TRACE - Finished loading type system org.apache.xmlbeans.metadata.system.sXMLTOOLS
19:15:03.641 [main] TRACE - Reading unresolved handles for type system org.apache.xmlbeans.metadata.system.sXMLSCHEMA
19:15:03.651 [main] TRACE - Finished loading type system org.apache.xmlbeans.metadata.system.sXMLSCHEMA
19:15:03.654 [main] TRACE - Reading unresolved handles for type system org.apache.xmlbeans.metadata.system.sXMLLANG
19:15:03.655 [main] TRACE - Finished loading type system org.apache.xmlbeans.metadata.system.sXMLLANG
19:15:03.658 [main] TRACE - Reading unresolved handles for type system org.apache.xmlbeans.metadata.system.sXMLCONFIG
19:15:03.660 [main] TRACE - Finished loading type system org.apache.xmlbeans.metadata.system.sXMLCONFIG
19:15:03.663 [main] TRACE - Reading unresolved handles for type system org.apache.poi.schemas.ooxml.system.ooxml
19:15:03.751 [main] TRACE - Finished loading type system org.apache.poi.schemas.ooxml.system.ooxml
19:15:03.752 [main] TRACE - Resolving type for handle themefd26doctype
19:15:03.852 [main] TRACE - Resolving type for handle stylesheet5d8bdoctype
19:15:03.870 [main] TRACE - Resolving type for handle ctstylesheet4257type
19:15:03.878 [main] TRACE - Resolving type for handle ctfonts6623type
19:15:03.883 [main] TRACE - Resolving type for handle ctfont14d8type
19:15:03.893 [main] TRACE - Resolving type for handle ctfills2c6ftype
19:15:03.897 [main] TRACE - Resolving type for handle ctfill550ctype
19:15:03.900 [main] TRACE - Resolving type for handle ctborders0d66type
19:15:03.903 [main] TRACE - Resolving type for handle ctborderf935type
19:15:03.909 [main] TRACE - Resolving type for handle ctcellxfs1322type
19:15:03.914 [main] TRACE - Resolving type for handle ctxf97f7type
19:15:03.920 [main] TRACE - Resolving type for handle ctcellstylexfsa81ftype
19:15:03.925 [main] TRACE - Resolving type for handle ctdxfsb26atype
19:15:03.928 [main] TRACE - Resolving type for handle cttablestyles872ftype
19:15:03.934 [main] TRACE - Resolving type for handle sstf81fdoctype
19:15:03.948 [main] TRACE - Resolving type for handle ctsst44f3type
19:15:03.953 [main] TRACE - Resolving type for handle ctrsta472type
19:15:04.074 [main] TRACE - Resolving type for handle workbookec17doctype
19:15:04.083 [main] TRACE - Resolving type for handle ctworkbook83c3type
19:15:04.091 [main] TRACE - Resolving type for handle ctsheets49fdtype
19:15:04.094 [main] TRACE - Resolving type for handle ctsheet4dbetype
19:15:04.098 [main] TRACE - Resolving type for handle strelationshipid1e94type
19:15:04.103 [main] TRACE - Resolving type for handle worksheetf539doctype
19:15:04.113 [main] TRACE - Resolving type for handle ctworksheet530dtype
19:15:04.129 [main] TRACE - Resolving type for handle ctcols627ctype
19:15:04.137 [main] TRACE - Resolving type for handle ctcola95ftype
19:15:04.170 [main] TRACE - Resolving type for handle ctsheetdata8408type
19:15:04.173 [main] TRACE - Resolving type for handle ctrowdd39type
19:15:04.179 [main] TRACE - Resolving type for handle ctcell842btype
19:15:04.186 [main] TRACE - Resolving type for handle stcellrefe4e0type
19:15:04.193 [main] TRACE - Resolving type for handle cthyperlinks6416type
19:15:04.197 [main] TRACE - Resolving type for handle cthyperlink0c85type
19:15:04.211 [main] TRACE - Resolving type for handle stxstringf179type
19:15:04.214 [main] TRACE - Resolving type for handle stcelltypebf95type
19:15:15.221 [main] INFO  - Goto my account-->Click on Login.. 
19:15:15.882 [main] DEBUG - Parsing relationship: /xl/_rels/workbook.xml.rels
19:15:15.884 [main] DEBUG - Parsing relationship: /xl/worksheets/_rels/sheet1.xml.rels
19:15:15.888 [main] DEBUG - Parsing relationship: /_rels/.rels
19:15:34.933 [main] INFO  - Goto my account-->Click on Login.. 
19:15:35.464 [main] DEBUG - Parsing relationship: /xl/_rels/workbook.xml.rels
19:15:35.467 [main] DEBUG - Parsing relationship: /xl/worksheets/_rels/sheet1.xml.rels
19:15:35.470 [main] DEBUG - Parsing relationship: /_rels/.rels
19:16:04.408 [main] INFO  - Goto my account-->Click on Login.. 
19:16:05.110 [main] DEBUG - Parsing relationship: /xl/_rels/workbook.xml.rels
19:16:05.112 [main] DEBUG - Parsing relationship: /xl/worksheets/_rels/sheet1.xml.rels
19:16:05.117 [main] DEBUG - Parsing relationship: /_rels/.rels
19:16:47.010 [main] INFO  - Goto my account-->Click on Login.. 
19:16:47.996 [main] DEBUG - Parsing relationship: /xl/_rels/workbook.xml.rels
19:16:48.000 [main] DEBUG - Parsing relationship: /xl/worksheets/_rels/sheet1.xml.rels
19:16:48.005 [main] DEBUG - Parsing relationship: /_rels/.rels
19:16:48.259 [main] TRACE - Loading type system org.apache.poi.schemas.ooxml.system.ooxml
19:16:48.263 [main] TRACE - Loading type system org.apache.xmlbeans.metadata.system.sXMLCONFIG
19:16:48.264 [main] TRACE - Loading type system org.apache.xmlbeans.metadata.system.sXMLLANG
19:16:48.264 [main] TRACE - Loading type system org.apache.xmlbeans.metadata.system.sXMLSCHEMA
19:16:48.265 [main] TRACE - Loading type system org.apache.xmlbeans.metadata.system.sXMLTOOLS
19:16:48.267 [main] TRACE - Reading unresolved handles for type system org.apache.xmlbeans.metadata.system.sXMLTOOLS
19:16:48.283 [main] TRACE - Finished loading type system org.apache.xmlbeans.metadata.system.sXMLTOOLS
19:16:48.285 [main] TRACE - Reading unresolved handles for type system org.apache.xmlbeans.metadata.system.sXMLSCHEMA
19:16:48.295 [main] TRACE - Finished loading type system org.apache.xmlbeans.metadata.system.sXMLSCHEMA
19:16:48.297 [main] TRACE - Reading unresolved handles for type system org.apache.xmlbeans.metadata.system.sXMLLANG
19:16:48.298 [main] TRACE - Finished loading type system org.apache.xmlbeans.metadata.system.sXMLLANG
19:16:48.300 [main] TRACE - Reading unresolved handles for type system org.apache.xmlbeans.metadata.system.sXMLCONFIG
19:16:48.301 [main] TRACE - Finished loading type system org.apache.xmlbeans.metadata.system.sXMLCONFIG
19:16:48.303 [main] TRACE - Reading unresolved handles for type system org.apache.poi.schemas.ooxml.system.ooxml
19:16:48.383 [main] TRACE - Finished loading type system org.apache.poi.schemas.ooxml.system.ooxml
19:16:48.384 [main] TRACE - Resolving type for handle themefd26doctype
19:16:48.463 [main] TRACE - Resolving type for handle stylesheet5d8bdoctype
19:16:48.473 [main] TRACE - Resolving type for handle ctstylesheet4257type
19:16:48.480 [main] TRACE - Resolving type for handle ctfonts6623type
19:16:48.486 [main] TRACE - Resolving type for handle ctfont14d8type
19:16:48.499 [main] TRACE - Resolving type for handle ctfills2c6ftype
19:16:48.505 [main] TRACE - Resolving type for handle ctfill550ctype
19:16:48.510 [main] TRACE - Resolving type for handle ctborders0d66type
19:16:48.515 [main] TRACE - Resolving type for handle ctborderf935type
19:16:48.522 [main] TRACE - Resolving type for handle ctcellxfs1322type
19:16:48.528 [main] TRACE - Resolving type for handle ctxf97f7type
19:16:48.534 [main] TRACE - Resolving type for handle ctcellstylexfsa81ftype
19:16:48.537 [main] TRACE - Resolving type for handle ctdxfsb26atype
19:16:48.542 [main] TRACE - Resolving type for handle cttablestyles872ftype
19:16:48.548 [main] TRACE - Resolving type for handle sstf81fdoctype
19:16:48.562 [main] TRACE - Resolving type for handle ctsst44f3type
19:16:48.567 [main] TRACE - Resolving type for handle ctrsta472type
19:16:48.684 [main] TRACE - Resolving type for handle workbookec17doctype
19:16:48.691 [main] TRACE - Resolving type for handle ctworkbook83c3type
19:16:48.697 [main] TRACE - Resolving type for handle ctsheets49fdtype
19:16:48.700 [main] TRACE - Resolving type for handle ctsheet4dbetype
19:16:48.703 [main] TRACE - Resolving type for handle strelationshipid1e94type
19:16:48.709 [main] TRACE - Resolving type for handle worksheetf539doctype
19:16:48.718 [main] TRACE - Resolving type for handle ctworksheet530dtype
19:16:48.731 [main] TRACE - Resolving type for handle ctcols627ctype
19:16:48.741 [main] TRACE - Resolving type for handle ctcola95ftype
19:16:48.778 [main] TRACE - Resolving type for handle ctsheetdata8408type
19:16:48.781 [main] TRACE - Resolving type for handle ctrowdd39type
19:16:48.789 [main] TRACE - Resolving type for handle ctcell842btype
19:16:48.799 [main] TRACE - Resolving type for handle stcellrefe4e0type
19:16:48.808 [main] TRACE - Resolving type for handle cthyperlinks6416type
19:16:48.812 [main] TRACE - Resolving type for handle cthyperlink0c85type
19:16:48.831 [main] TRACE - Resolving type for handle stxstringf179type
19:16:48.836 [main] TRACE - Resolving type for handle stcelltypebf95type
19:16:59.313 [main] INFO  - Goto my account-->Click on Login.. 
19:16:59.876 [main] DEBUG - Parsing relationship: /xl/_rels/workbook.xml.rels
19:16:59.879 [main] DEBUG - Parsing relationship: /xl/worksheets/_rels/sheet1.xml.rels
19:16:59.882 [main] DEBUG - Parsing relationship: /_rels/.rels
19:17:19.685 [main] INFO  - Goto my account-->Click on Login.. 
19:17:20.325 [main] DEBUG - Parsing relationship: /xl/_rels/workbook.xml.rels
19:17:20.327 [main] DEBUG - Parsing relationship: /xl/worksheets/_rels/sheet1.xml.rels
19:17:20.330 [main] DEBUG - Parsing relationship: /_rels/.rels
19:17:40.899 [main] INFO  - Goto my account-->Click on Login.. 
19:17:41.561 [main] DEBUG - Parsing relationship: /xl/_rels/workbook.xml.rels
19:17:41.569 [main] DEBUG - Parsing relationship: /xl/worksheets/_rels/sheet1.xml.rels
19:17:41.573 [main] DEBUG - Parsing relationship: /_rels/.rels
19:18:00.000 [main] INFO  - Goto my account-->Click on Login.. 
19:18:00.668 [main] DEBUG - Parsing relationship: /xl/_rels/workbook.xml.rels
19:18:00.672 [main] DEBUG - Parsing relationship: /xl/worksheets/_rels/sheet1.xml.rels
19:18:00.681 [main] DEBUG - Parsing relationship: /_rels/.rels
19:18:26.036 [main] INFO  - Goto my account-->Click on Login.. 
19:18:26.941 [main] DEBUG - Parsing relationship: /xl/_rels/workbook.xml.rels
19:18:26.945 [main] DEBUG - Parsing relationship: /xl/worksheets/_rels/sheet1.xml.rels
19:18:26.950 [main] DEBUG - Parsing relationship: /_rels/.rels
19:18:27.217 [main] TRACE - Loading type system org.apache.poi.schemas.ooxml.system.ooxml
19:18:27.221 [main] TRACE - Loading type system org.apache.xmlbeans.metadata.system.sXMLCONFIG
19:18:27.221 [main] TRACE - Loading type system org.apache.xmlbeans.metadata.system.sXMLLANG
19:18:27.222 [main] TRACE - Loading type system org.apache.xmlbeans.metadata.system.sXMLSCHEMA
19:18:27.222 [main] TRACE - Loading type system org.apache.xmlbeans.metadata.system.sXMLTOOLS
19:18:27.225 [main] TRACE - Reading unresolved handles for type system org.apache.xmlbeans.metadata.system.sXMLTOOLS
19:18:27.240 [main] TRACE - Finished loading type system org.apache.xmlbeans.metadata.system.sXMLTOOLS
19:18:27.242 [main] TRACE - Reading unresolved handles for type system org.apache.xmlbeans.metadata.system.sXMLSCHEMA
19:18:27.250 [main] TRACE - Finished loading type system org.apache.xmlbeans.metadata.system.sXMLSCHEMA
19:18:27.253 [main] TRACE - Reading unresolved handles for type system org.apache.xmlbeans.metadata.system.sXMLLANG
19:18:27.254 [main] TRACE - Finished loading type system org.apache.xmlbeans.metadata.system.sXMLLANG
19:18:27.256 [main] TRACE - Reading unresolved handles for type system org.apache.xmlbeans.metadata.system.sXMLCONFIG
19:18:27.257 [main] TRACE - Finished loading type system org.apache.xmlbeans.metadata.system.sXMLCONFIG
19:18:27.259 [main] TRACE - Reading unresolved handles for type system org.apache.poi.schemas.ooxml.system.ooxml
19:18:27.336 [main] TRACE - Finished loading type system org.apache.poi.schemas.ooxml.system.ooxml
19:18:27.338 [main] TRACE - Resolving type for handle themefd26doctype
19:18:27.432 [main] TRACE - Resolving type for handle stylesheet5d8bdoctype
19:18:27.445 [main] TRACE - Resolving type for handle ctstylesheet4257type
19:18:27.451 [main] TRACE - Resolving type for handle ctfonts6623type
19:18:27.456 [main] TRACE - Resolving type for handle ctfont14d8type
19:18:27.462 [main] TRACE - Resolving type for handle ctfills2c6ftype
19:18:27.465 [main] TRACE - Resolving type for handle ctfill550ctype
19:18:27.477 [main] TRACE - Resolving type for handle ctborders0d66type
19:18:27.482 [main] TRACE - Resolving type for handle ctborderf935type
19:18:27.491 [main] TRACE - Resolving type for handle ctcellxfs1322type
19:18:27.496 [main] TRACE - Resolving type for handle ctxf97f7type
19:18:27.504 [main] TRACE - Resolving type for handle ctcellstylexfsa81ftype
19:18:27.507 [main] TRACE - Resolving type for handle ctdxfsb26atype
19:18:27.512 [main] TRACE - Resolving type for handle cttablestyles872ftype
19:18:27.519 [main] TRACE - Resolving type for handle sstf81fdoctype
19:18:27.553 [main] TRACE - Resolving type for handle ctsst44f3type
19:18:27.557 [main] TRACE - Resolving type for handle ctrsta472type
19:18:27.702 [main] TRACE - Resolving type for handle workbookec17doctype
19:18:27.710 [main] TRACE - Resolving type for handle ctworkbook83c3type
19:18:27.717 [main] TRACE - Resolving type for handle ctsheets49fdtype
19:18:27.720 [main] TRACE - Resolving type for handle ctsheet4dbetype
19:18:27.723 [main] TRACE - Resolving type for handle strelationshipid1e94type
19:18:27.727 [main] TRACE - Resolving type for handle worksheetf539doctype
19:18:27.736 [main] TRACE - Resolving type for handle ctworksheet530dtype
19:18:27.752 [main] TRACE - Resolving type for handle ctcols627ctype
19:18:27.757 [main] TRACE - Resolving type for handle ctcola95ftype
19:18:27.784 [main] TRACE - Resolving type for handle ctsheetdata8408type
19:18:27.787 [main] TRACE - Resolving type for handle ctrowdd39type
19:18:27.793 [main] TRACE - Resolving type for handle ctcell842btype
19:18:27.802 [main] TRACE - Resolving type for handle stcellrefe4e0type
19:18:27.812 [main] TRACE - Resolving type for handle cthyperlinks6416type
19:18:27.816 [main] TRACE - Resolving type for handle cthyperlink0c85type
19:18:27.837 [main] TRACE - Resolving type for handle stxstringf179type
19:18:27.842 [main] TRACE - Resolving type for handle stcelltypebf95type
19:18:38.266 [main] INFO  - Goto my account-->Click on Login.. 
19:18:38.894 [main] DEBUG - Parsing relationship: /xl/_rels/workbook.xml.rels
19:18:38.899 [main] DEBUG - Parsing relationship: /xl/worksheets/_rels/sheet1.xml.rels
19:18:38.906 [main] DEBUG - Parsing relationship: /_rels/.rels
19:18:58.265 [main] INFO  - Goto my account-->Click on Login.. 
19:18:58.922 [main] DEBUG - Parsing relationship: /xl/_rels/workbook.xml.rels
19:18:58.924 [main] DEBUG - Parsing relationship: /xl/worksheets/_rels/sheet1.xml.rels
19:18:58.926 [main] DEBUG - Parsing relationship: /_rels/.rels
19:19:19.198 [main] INFO  - Goto my account-->Click on Login.. 
19:19:19.944 [main] DEBUG - Parsing relationship: /xl/_rels/workbook.xml.rels
19:19:19.951 [main] DEBUG - Parsing relationship: /xl/worksheets/_rels/sheet1.xml.rels
19:19:19.953 [main] DEBUG - Parsing relationship: /_rels/.rels
19:19:54.407 [main] INFO  - Goto my account-->Click on Login.. 
19:19:55.073 [main] DEBUG - Parsing relationship: /xl/_rels/workbook.xml.rels
19:19:55.078 [main] DEBUG - Parsing relationship: /xl/worksheets/_rels/sheet1.xml.rels
19:19:55.081 [main] DEBUG - Parsing relationship: /_rels/.rels
19:21:12.442 [main] INFO  - Goto my account-->Click on Login.. 
19:21:13.237 [main] DEBUG - Parsing relationship: /xl/_rels/workbook.xml.rels
19:21:13.241 [main] DEBUG - Parsing relationship: /xl/worksheets/_rels/sheet1.xml.rels
19:21:13.244 [main] DEBUG - Parsing relationship: /_rels/.rels
19:21:13.498 [main] TRACE - Loading type system org.apache.poi.schemas.ooxml.system.ooxml
19:21:13.501 [main] TRACE - Loading type system org.apache.xmlbeans.metadata.system.sXMLCONFIG
19:21:13.502 [main] TRACE - Loading type system org.apache.xmlbeans.metadata.system.sXMLLANG
19:21:13.502 [main] TRACE - Loading type system org.apache.xmlbeans.metadata.system.sXMLSCHEMA
19:21:13.503 [main] TRACE - Loading type system org.apache.xmlbeans.metadata.system.sXMLTOOLS
19:21:13.505 [main] TRACE - Reading unresolved handles for type system org.apache.xmlbeans.metadata.system.sXMLTOOLS
19:21:13.523 [main] TRACE - Finished loading type system org.apache.xmlbeans.metadata.system.sXMLTOOLS
19:21:13.525 [main] TRACE - Reading unresolved handles for type system org.apache.xmlbeans.metadata.system.sXMLSCHEMA
19:21:13.535 [main] TRACE - Finished loading type system org.apache.xmlbeans.metadata.system.sXMLSCHEMA
19:21:13.538 [main] TRACE - Reading unresolved handles for type system org.apache.xmlbeans.metadata.system.sXMLLANG
19:21:13.539 [main] TRACE - Finished loading type system org.apache.xmlbeans.metadata.system.sXMLLANG
19:21:13.541 [main] TRACE - Reading unresolved handles for type system org.apache.xmlbeans.metadata.system.sXMLCONFIG
19:21:13.543 [main] TRACE - Finished loading type system org.apache.xmlbeans.metadata.system.sXMLCONFIG
19:21:13.545 [main] TRACE - Reading unresolved handles for type system org.apache.poi.schemas.ooxml.system.ooxml
19:21:13.637 [main] TRACE - Finished loading type system org.apache.poi.schemas.ooxml.system.ooxml
19:21:13.638 [main] TRACE - Resolving type for handle themefd26doctype
19:21:13.730 [main] TRACE - Resolving type for handle stylesheet5d8bdoctype
19:21:13.743 [main] TRACE - Resolving type for handle ctstylesheet4257type
19:21:13.751 [main] TRACE - Resolving type for handle ctfonts6623type
19:21:13.758 [main] TRACE - Resolving type for handle ctfont14d8type
19:21:13.766 [main] TRACE - Resolving type for handle ctfills2c6ftype
19:21:13.769 [main] TRACE - Resolving type for handle ctfill550ctype
19:21:13.773 [main] TRACE - Resolving type for handle ctborders0d66type
19:21:13.778 [main] TRACE - Resolving type for handle ctborderf935type
19:21:13.784 [main] TRACE - Resolving type for handle ctcellxfs1322type
19:21:13.789 [main] TRACE - Resolving type for handle ctxf97f7type
19:21:13.795 [main] TRACE - Resolving type for handle ctcellstylexfsa81ftype
19:21:13.798 [main] TRACE - Resolving type for handle ctdxfsb26atype
19:21:13.801 [main] TRACE - Resolving type for handle cttablestyles872ftype
19:21:13.812 [main] TRACE - Resolving type for handle sstf81fdoctype
19:21:13.824 [main] TRACE - Resolving type for handle ctsst44f3type
19:21:13.830 [main] TRACE - Resolving type for handle ctrsta472type
19:21:13.919 [main] TRACE - Resolving type for handle workbookec17doctype
19:21:13.926 [main] TRACE - Resolving type for handle ctworkbook83c3type
19:21:13.934 [main] TRACE - Resolving type for handle ctsheets49fdtype
19:21:13.938 [main] TRACE - Resolving type for handle ctsheet4dbetype
19:21:13.941 [main] TRACE - Resolving type for handle strelationshipid1e94type
19:21:13.948 [main] TRACE - Resolving type for handle worksheetf539doctype
19:21:13.957 [main] TRACE - Resolving type for handle ctworksheet530dtype
19:21:13.976 [main] TRACE - Resolving type for handle ctcols627ctype
19:21:13.985 [main] TRACE - Resolving type for handle ctcola95ftype
19:21:14.020 [main] TRACE - Resolving type for handle ctsheetdata8408type
19:21:14.024 [main] TRACE - Resolving type for handle ctrowdd39type
19:21:14.032 [main] TRACE - Resolving type for handle ctcell842btype
19:21:14.043 [main] TRACE - Resolving type for handle stcellrefe4e0type
19:21:14.054 [main] TRACE - Resolving type for handle cthyperlinks6416type
19:21:14.058 [main] TRACE - Resolving type for handle cthyperlink0c85type
19:21:14.080 [main] TRACE - Resolving type for handle stxstringf179type
19:21:14.085 [main] TRACE - Resolving type for handle stcelltypebf95type
19:21:23.618 [main] INFO  - Goto my account-->Click on Login.. 
19:21:24.314 [main] DEBUG - Parsing relationship: /xl/_rels/workbook.xml.rels
19:21:24.321 [main] DEBUG - Parsing relationship: /xl/worksheets/_rels/sheet1.xml.rels
19:21:24.324 [main] DEBUG - Parsing relationship: /_rels/.rels
19:21:43.222 [main] INFO  - Goto my account-->Click on Login.. 
19:21:43.909 [main] DEBUG - Parsing relationship: /xl/_rels/workbook.xml.rels
19:21:43.911 [main] DEBUG - Parsing relationship: /xl/worksheets/_rels/sheet1.xml.rels
19:21:43.915 [main] DEBUG - Parsing relationship: /_rels/.rels
19:22:04.066 [main] INFO  - Goto my account-->Click on Login.. 
19:22:04.768 [main] DEBUG - Parsing relationship: /xl/_rels/workbook.xml.rels
19:22:04.770 [main] DEBUG - Parsing relationship: /xl/worksheets/_rels/sheet1.xml.rels
19:22:04.773 [main] DEBUG - Parsing relationship: /_rels/.rels
19:22:23.716 [main] INFO  - Goto my account-->Click on Login.. 
19:22:24.413 [main] DEBUG - Parsing relationship: /xl/_rels/workbook.xml.rels
19:22:24.415 [main] DEBUG - Parsing relationship: /xl/worksheets/_rels/sheet1.xml.rels
19:22:24.418 [main] DEBUG - Parsing relationship: /_rels/.rels
19:23:48.294 [main] INFO  - Goto my account-->Click on Login.. 
19:23:49.232 [main] DEBUG - Parsing relationship: /xl/_rels/workbook.xml.rels
19:23:49.236 [main] DEBUG - Parsing relationship: /xl/worksheets/_rels/sheet1.xml.rels
19:23:49.239 [main] DEBUG - Parsing relationship: /_rels/.rels
19:23:49.502 [main] TRACE - Loading type system org.apache.poi.schemas.ooxml.system.ooxml
19:23:49.505 [main] TRACE - Loading type system org.apache.xmlbeans.metadata.system.sXMLCONFIG
19:23:49.506 [main] TRACE - Loading type system org.apache.xmlbeans.metadata.system.sXMLLANG
19:23:49.507 [main] TRACE - Loading type system org.apache.xmlbeans.metadata.system.sXMLSCHEMA
19:23:49.508 [main] TRACE - Loading type system org.apache.xmlbeans.metadata.system.sXMLTOOLS
19:23:49.510 [main] TRACE - Reading unresolved handles for type system org.apache.xmlbeans.metadata.system.sXMLTOOLS
19:23:49.535 [main] TRACE - Finished loading type system org.apache.xmlbeans.metadata.system.sXMLTOOLS
19:23:49.538 [main] TRACE - Reading unresolved handles for type system org.apache.xmlbeans.metadata.system.sXMLSCHEMA
19:23:49.550 [main] TRACE - Finished loading type system org.apache.xmlbeans.metadata.system.sXMLSCHEMA
19:23:49.553 [main] TRACE - Reading unresolved handles for type system org.apache.xmlbeans.metadata.system.sXMLLANG
19:23:49.555 [main] TRACE - Finished loading type system org.apache.xmlbeans.metadata.system.sXMLLANG
19:23:49.558 [main] TRACE - Reading unresolved handles for type system org.apache.xmlbeans.metadata.system.sXMLCONFIG
19:23:49.559 [main] TRACE - Finished loading type system org.apache.xmlbeans.metadata.system.sXMLCONFIG
19:23:49.562 [main] TRACE - Reading unresolved handles for type system org.apache.poi.schemas.ooxml.system.ooxml
19:23:49.686 [main] TRACE - Finished loading type system org.apache.poi.schemas.ooxml.system.ooxml
19:23:49.688 [main] TRACE - Resolving type for handle themefd26doctype
19:23:49.811 [main] TRACE - Resolving type for handle stylesheet5d8bdoctype
